<?xml version="1.0" encoding="UTF-8"?>
<robot generator="Robot 7.1.1 (Python 3.10.12 on linux)" generated="2025-02-27T19:36:25.167761" rpa="false" schemaversion="5">
<suite id="s1" name="Ci-Cd-Robot-Framework" source="/home/rfahham/projetos/ci-cd-robot-framework">
<suite id="s1-s1" name="Tests" source="/home/rfahham/projetos/ci-cd-robot-framework/tests">
<suite id="s1-s1-s1" name="Login" source="/home/rfahham/projetos/ci-cd-robot-framework/tests/login">
<suite id="s1-s1-s1-s1" name="Cenario2" source="/home/rfahham/projetos/ci-cd-robot-framework/tests/login/cenario2.robot">
<test id="s1-s1-s1-s1-t1" name="Cenário 2: Inserir e-mail válido mas senha inválida" line="5">
<kw name="Abrir site" owner="keywords">
<kw name="Open Browser" owner="SeleniumLibrary">
<msg time="2025-02-27T19:36:25.339911" level="INFO">Opening browser 'Chrome' to base url 'https://horadoqa.github.io/ci-cd-robot-framework/'.</msg>
<arg>${URL}</arg>
<arg>${BROWSER}</arg>
<arg>options=add_argument("--headless")</arg>
<doc>Opens a new browser instance to the optional ``url``.</doc>
<status status="PASS" start="2025-02-27T19:36:25.339528" elapsed="0.984069"/>
</kw>
<status status="PASS" start="2025-02-27T19:36:25.338643" elapsed="0.985424"/>
</kw>
<kw name="E-mail Válido e Senha Inválida" owner="keywords">
<kw name="Click Element" owner="SeleniumLibrary">
<msg time="2025-02-27T19:36:26.327291" level="INFO">Clicking element '//*[@id="username"]'.</msg>
<arg>${locator_username}</arg>
<doc>Click the element identified by ``locator``.</doc>
<status status="PASS" start="2025-02-27T19:36:26.325983" elapsed="0.101388"/>
</kw>
<kw name="Input Text" owner="SeleniumLibrary">
<msg time="2025-02-27T19:36:26.428139" level="INFO">Typing text 'usuario@example.com' into text field '//*[@id="username"]'.</msg>
<arg>${locator_username}</arg>
<arg>text=usuario@example.com</arg>
<doc>Types the given ``text`` into the text field identified by ``locator``.</doc>
<status status="PASS" start="2025-02-27T19:36:26.427647" elapsed="0.116972"/>
</kw>
<kw name="Click Element" owner="SeleniumLibrary">
<msg time="2025-02-27T19:36:26.545237" level="INFO">Clicking element '//*[@id="password"]'.</msg>
<arg>${locator_password}</arg>
<doc>Click the element identified by ``locator``.</doc>
<status status="PASS" start="2025-02-27T19:36:26.544888" elapsed="0.089558"/>
</kw>
<kw name="Input Text" owner="SeleniumLibrary">
<msg time="2025-02-27T19:36:26.635107" level="INFO">Typing text 'abcd1234' into text field '//*[@id="password"]'.</msg>
<arg>${locator_password}</arg>
<arg>text=abcd1234</arg>
<doc>Types the given ``text`` into the text field identified by ``locator``.</doc>
<status status="PASS" start="2025-02-27T19:36:26.634714" elapsed="0.074890"/>
</kw>
<kw name="Click Element" owner="SeleniumLibrary">
<msg time="2025-02-27T19:36:26.710230" level="INFO">Clicking element '//button[contains(text(),"Entrar")]'.</msg>
<arg>${locator_button}</arg>
<doc>Click the element identified by ``locator``.</doc>
<status status="PASS" start="2025-02-27T19:36:26.709870" elapsed="0.081974"/>
</kw>
<kw name="Sleep" owner="BuiltIn">
<msg time="2025-02-27T19:36:29.792833" level="INFO">Slept 3 seconds.</msg>
<arg>3s</arg>
<doc>Pauses the test executed for the given time.</doc>
<status status="PASS" start="2025-02-27T19:36:26.792127" elapsed="3.001657"/>
</kw>
<kw name="Wait Until Element Is Visible" owner="SeleniumLibrary">
<arg>${error_dados_errados}</arg>
<arg>5</arg>
<doc>Waits until the element ``locator`` is visible.</doc>
<status status="PASS" start="2025-02-27T19:36:29.794763" elapsed="0.041428"/>
</kw>
<kw name="Element Should Be Visible" owner="SeleniumLibrary">
<msg time="2025-02-27T19:36:29.857241" level="INFO">Element '//p[contains(text(),"E-mail ou senha inválidos!")]' is displayed.</msg>
<arg>${error_dados_errados}</arg>
<doc>Verifies that the element identified by ``locator`` is visible.</doc>
<status status="PASS" start="2025-02-27T19:36:29.836537" elapsed="0.020955"/>
</kw>
<kw name="Sleep" owner="BuiltIn">
<msg time="2025-02-27T19:36:32.858160" level="INFO">Slept 3 seconds.</msg>
<arg>3s</arg>
<doc>Pauses the test executed for the given time.</doc>
<status status="PASS" start="2025-02-27T19:36:29.857724" elapsed="3.000810"/>
</kw>
<status status="PASS" start="2025-02-27T19:36:26.324848" elapsed="6.533932"/>
</kw>
<kw name="Fechar site" owner="keywords">
<kw name="Close Browser" owner="SeleniumLibrary">
<doc>Closes the current browser.</doc>
<status status="PASS" start="2025-02-27T19:36:32.860236" elapsed="0.062686"/>
</kw>
<status status="PASS" start="2025-02-27T19:36:32.859652" elapsed="0.063613"/>
</kw>
<status status="PASS" start="2025-02-27T19:36:25.337627" elapsed="7.586003"/>
</test>
<status status="PASS" start="2025-02-27T19:36:25.200830" elapsed="7.724219"/>
</suite>
<status status="PASS" start="2025-02-27T19:36:25.197306" elapsed="7.729866"/>
</suite>
<status status="PASS" start="2025-02-27T19:36:25.195085" elapsed="7.734434"/>
</suite>
<status status="PASS" start="2025-02-27T19:36:25.171260" elapsed="7.760508"/>
</suite>
<statistics>
<total>
<stat pass="1" fail="0" skip="0">All Tests</stat>
</total>
<tag>
</tag>
<suite>
<stat pass="1" fail="0" skip="0" id="s1" name="Ci-Cd-Robot-Framework">Ci-Cd-Robot-Framework</stat>
<stat pass="1" fail="0" skip="0" id="s1-s1" name="Tests">Ci-Cd-Robot-Framework.Tests</stat>
<stat pass="1" fail="0" skip="0" id="s1-s1-s1" name="Login">Ci-Cd-Robot-Framework.Tests.Login</stat>
<stat pass="1" fail="0" skip="0" id="s1-s1-s1-s1" name="Cenario2">Ci-Cd-Robot-Framework.Tests.Login.Cenario2</stat>
</suite>
</statistics>
<errors>
</errors>
</robot>
